<?xml version="1.0" encoding="UTF-8"?>
<!-- Generated by org.testng.reporters.JUnitXMLReporter -->
<testsuite ignored="0" hostname="KCSLAP5103" failures="0" tests="4" name="Default test" time="14.694" errors="0" timestamp="2022-07-21T15:39:12 IST">
  <testcase classname="org.uvportal.tests.TestACCESSTOKEN" name="testGETAccessToken" time="3.475"/>
  <testcase classname="org.uvportal.tests.TestGETProfile" name="testGETProfileRequest" time="3.215"/>
  <testcase classname="org.uvportal.tests.TestPOSTProfile" name="testPOSTProfileRequest" time="0.604"/>
  <testcase classname="org.uvportal.tests.TestVehicleServices" name="testVehicleServices" time="6.542"/>
</testsuite> <!-- Default test -->
