<?xml version="1.0" encoding="UTF-8"?>
<testng-results ignored="0" total="1" passed="1" failed="0" skipped="0">
  <reporter-output>
  </reporter-output>
  <suite started-at="2022-08-01T12:26:45 IST" name="Default suite" finished-at="2022-08-01T12:26:51 IST" duration-ms="6533">
    <groups>
    </groups>
    <test started-at="2022-08-01T12:26:45 IST" name="Default test" finished-at="2022-08-01T12:26:51 IST" duration-ms="6533">
      <class name="org.uvportal.tests.TestGETProfile">
        <test-method is-config="true" signature="init()[pri:0, instance:org.uvportal.tests.TestGETProfile@67b9b51a]" started-at="2022-08-01T12:26:45 IST" name="init" finished-at="2022-08-01T12:26:46 IST" duration-ms="836" status="PASS">
          <reporter-output>
          </reporter-output>
        </test-method> <!-- init -->
        <test-method signature="testGETProfileRequest()[pri:0, instance:org.uvportal.tests.TestGETProfile@67b9b51a]" started-at="2022-08-01T12:26:46 IST" name="testGETProfileRequest" finished-at="2022-08-01T12:26:51 IST" duration-ms="5626" status="PASS">
          <reporter-output>
          </reporter-output>
        </test-method> <!-- testGETProfileRequest -->
      </class> <!-- org.uvportal.tests.TestGETProfile -->
    </test> <!-- Default test -->
  </suite> <!-- Default suite -->
</testng-results>
